# JRE version: OpenJDK Runtime Environment (8.0_191-b12) (build 1.8.0_191-8u191-b12-0ubuntu0.18.04.1-b12)
# Java VM: OpenJDK 64-Bit Server VM (25.191-b12 mixed mode linux-amd64 compressed oops)
Heap:
 garbage-first heap   total 642048K, used 128728K [0x00000000c0000000, 0x00000000c0101398, 0x0000000100000000)
  region size 1024K, 2 young (2048K), 2 survivors (2048K)
 Metaspace       used 132968K, capacity 147133K, committed 147784K, reserved 1177600K
  class space    used 16153K, capacity 20047K, committed 20296K, reserved 1048576K
GC Heap History (10 events):
Event: 3037.174 GC heap after
Heap after GC invocations=135 (full 0):
 garbage-first heap   total 429056K, used 130746K [0x00000000c0000000, 0x00000000c0100d18, 0x0000000100000000)
  region size 1024K, 3 young (3072K), 3 survivors (3072K)
 Metaspace       used 132968K, capacity 147133K, committed 147784K, reserved 1177600K
  class space    used 16153K, capacity 20047K, committed 20296K, reserved 1048576K
}
Event: 3038.495 GC heap before
{Heap before GC invocations=135 (full 0):
 garbage-first heap   total 457728K, used 361516K [0x00000000c0000000, 0x00000000c0100df8, 0x0000000100000000)
  region size 1024K, 6 young (6144K), 3 survivors (3072K)
 Metaspace       used 132968K, capacity 147133K, committed 147784K, reserved 1177600K
  class space    used 16153K, capacity 20047K, committed 20296K, reserved 1048576K
Event: 3038.553 GC heap after
Heap after GC invocations=136 (full 0):
 garbage-first heap   total 459776K, used 128596K [0x00000000c0000000, 0x00000000c0100e08, 0x0000000100000000)
  region size 1024K, 2 young (2048K), 2 survivors (2048K)
 Metaspace       used 132968K, capacity 147133K, committed 147784K, reserved 1177600K
  class space    used 16153K, capacity 20047K, committed 20296K, reserved 1048576K
}
Event: 3039.213 GC heap before
{Heap before GC invocations=136 (full 0):
 garbage-first heap   total 519168K, used 379395K [0x00000000c0000000, 0x00000000c0100fd8, 0x0000000100000000)
  region size 1024K, 5 young (5120K), 2 survivors (2048K)
 Metaspace       used 132968K, capacity 147133K, committed 147784K, reserved 1177600K
  class space    used 16153K, capacity 20047K, committed 20296K, reserved 1048576K
Event: 3039.247 GC heap after
Heap after GC invocations=137 (full 0):
 garbage-first heap   total 520192K, used 128462K [0x00000000c0000000, 0x00000000c0100fe0, 0x0000000100000000)
  region size 1024K, 1 young (1024K), 1 survivors (1024K)
 Metaspace       used 132968K, capacity 147133K, committed 147784K, reserved 1177600K
  class space    used 16153K, capacity 20047K, committed 20296K, reserved 1048576K
}
Event: 3040.543 GC heap before
{Heap before GC invocations=137 (full 0):
 garbage-first heap   total 538624K, used 362407K [0x00000000c0000000, 0x00000000c0101070, 0x0000000100000000)
  region size 1024K, 3 young (3072K), 1 survivors (1024K)
 Metaspace       used 132968K, capacity 147133K, committed 147784K, reserved 1177600K
  class space    used 16153K, capacity 20047K, committed 20296K, reserved 1048576K
Event: 3040.591 GC heap after
Heap after GC invocations=138 (full 0):
 garbage-first heap   total 539648K, used 128533K [0x00000000c0000000, 0x00000000c0101078, 0x0000000100000000)
  region size 1024K, 1 young (1024K), 1 survivors (1024K)
 Metaspace       used 132968K, capacity 147133K, committed 147784K, reserved 1177600K
  class space    used 16153K, capacity 20047K, committed 20296K, reserved 1048576K
}
Event: 3040.834 GC heap before
{Heap before GC invocations=138 (full 0):
 garbage-first heap   total 539648K, used 258900K [0x00000000c0000000, 0x00000000c0101078, 0x0000000100000000)
  region size 1024K, 26 young (26624K), 1 survivors (1024K)
 Metaspace       used 132968K, capacity 147133K, committed 147784K, reserved 1177600K
  class space    used 16153K, capacity 20047K, committed 20296K, reserved 1048576K
Event: 3040.852 GC heap after
Heap after GC invocations=139 (full 0):
 garbage-first heap   total 539648K, used 128922K [0x00000000c0000000, 0x00000000c0101078, 0x0000000100000000)
  region size 1024K, 2 young (2048K), 2 survivors (2048K)
 Metaspace       used 132968K, capacity 147133K, committed 147784K, reserved 1177600K
  class space    used 16153K, capacity 20047K, committed 20296K, reserved 1048576K
}
Event: 3040.893 GC heap before
{Heap before GC invocations=139 (full 0):
 garbage-first heap   total 539648K, used 153498K [0x00000000c0000000, 0x00000000c0101078, 0x0000000100000000)
  region size 1024K, 26 young (26624K), 2 survivors (2048K)
 Metaspace       used 132968K, capacity 147133K, committed 147784K, reserved 1177600K
  class space    used 16153K, capacity 20047K, committed 20296K, reserved 1048576K

